2016-12-04T05:27:10+00:00 csvm#00 I: Runner: processes
2016-12-04T05:27:10+00:00 csvm#00 I: Chooser: simple
2016-12-04T05:27:10+00:00 csvm#00 I: Configuration suite_name = "suite"
2016-12-04T05:27:10+00:00 csvm#00 I: Configuration cache_filename = "/home/ubuntu/Assignments/2800-buddy/regex/_build/oUnit-$(suite_name).cache"
2016-12-04T05:27:10+00:00 csvm#00 I: Configuration display = "true"
2016-12-04T05:27:10+00:00 csvm#00 I: Configuration results_style_1_X = "false"
2016-12-04T05:27:10+00:00 csvm#00 I: Configuration verbose = "false"
2016-12-04T05:27:10+00:00 csvm#00 I: Configuration health_check_interval = "1."
2016-12-04T05:27:10+00:00 csvm#00 I: Configuration testdata_dir = "none"
2016-12-04T05:27:10+00:00 csvm#00 I: Configuration chooser = "simple"
2016-12-04T05:27:10+00:00 csvm#00 I: Configuration output_html_dir = "none"
2016-12-04T05:27:10+00:00 csvm#00 I: Configuration processes_kill_period = "5."
2016-12-04T05:27:10+00:00 csvm#00 I: Configuration runner = "processes"
2016-12-04T05:27:10+00:00 csvm#00 I: Configuration shards = "2"
2016-12-04T05:27:10+00:00 csvm#00 I: Configuration processes_grace_period = "5."
2016-12-04T05:27:10+00:00 csvm#00 I: Configuration log_encoding = "utf-8"
2016-12-04T05:27:10+00:00 csvm#00 I: Configuration output_junit_file = "none"
2016-12-04T05:27:10+00:00 csvm#00 I: Configuration output_file = "/home/ubuntu/Assignments/2800-buddy/regex/_build/oUnit-$(suite_name)-$(shard_id).log"
2016-12-04T05:27:10+00:00 csvm#00 I: Using 2 workers maximum.
2016-12-04T05:27:10+00:00 csvm#00 I: Starting worker number csvm#01.
2016-12-04T05:27:10+00:00 csvm#00 I: Worker csvm#01 started.
2016-12-04T05:27:10+00:00 csvm#00 I: Starting worker number csvm#02.
2016-12-04T05:27:10+00:00 csvm#00 I: Worker csvm#02 started.
2016-12-04T05:27:10+00:00 csvm#00 I: 2 tests running: suite:1:regex test 2, suite:0:regex test 1.
2016-12-04T05:27:10+00:00 csvm#02 I: Start test suite:1:regex test 2.
2016-12-04T05:27:10+00:00 csvm#00 I: 2 tests running: suite:1:regex test 2, suite:0:regex test 1.
2016-12-04T05:27:10+00:00 csvm#02 I: Test suite:1:regex test 2 is successful.
2016-12-04T05:27:10+00:00 csvm#00 I: 2 tests running: suite:1:regex test 2, suite:0:regex test 1.
2016-12-04T05:27:10+00:00 csvm#02 I: End test suite:1:regex test 2.
2016-12-04T05:27:10+00:00 csvm#00 I: 2 tests running: suite:1:regex test 2, suite:0:regex test 1.
2016-12-04T05:27:10+00:00 csvm#00 I: 2 tests running: suite:2:regex test 3, suite:0:regex test 1.
2016-12-04T05:27:10+00:00 csvm#01 I: Start test suite:0:regex test 1.
2016-12-04T05:27:10+00:00 csvm#00 I: 2 tests running: suite:2:regex test 3, suite:0:regex test 1.
2016-12-04T05:27:10+00:00 csvm#02 I: Start test suite:2:regex test 3.
2016-12-04T05:27:10+00:00 csvm#00 I: 2 tests running: suite:2:regex test 3, suite:0:regex test 1.
2016-12-04T05:27:10+00:00 csvm#02 I: Test suite:2:regex test 3 is successful.
2016-12-04T05:27:10+00:00 csvm#00 I: 2 tests running: suite:2:regex test 3, suite:0:regex test 1.
2016-12-04T05:27:10+00:00 csvm#02 I: End test suite:2:regex test 3.
2016-12-04T05:27:10+00:00 csvm#00 I: 2 tests running: suite:2:regex test 3, suite:0:regex test 1.
2016-12-04T05:27:10+00:00 csvm#00 I: 2 tests running: suite:3:regex test 4, suite:0:regex test 1.
2016-12-04T05:27:10+00:00 csvm#01 I: Test suite:0:regex test 1 is successful.
2016-12-04T05:27:10+00:00 csvm#02 I: Start test suite:3:regex test 4.
2016-12-04T05:27:10+00:00 csvm#00 I: 2 tests running: suite:3:regex test 4, suite:0:regex test 1.
2016-12-04T05:27:10+00:00 csvm#01 I: End test suite:0:regex test 1.
2016-12-04T05:27:10+00:00 csvm#02 I: Test suite:3:regex test 4 is successful.
2016-12-04T05:27:10+00:00 csvm#00 I: 2 tests running: suite:3:regex test 4, suite:0:regex test 1.
2016-12-04T05:27:10+00:00 csvm#02 I: End test suite:3:regex test 4.
2016-12-04T05:27:10+00:00 csvm#00 I: 2 tests running: suite:4:regex test 5, suite:3:regex test 4.
2016-12-04T05:27:10+00:00 csvm#00 I: 2 tests running: suite:5:star_rule1 test1, suite:4:regex test 5.
2016-12-04T05:27:10+00:00 csvm#01 I: Start test suite:4:regex test 5.
2016-12-04T05:27:10+00:00 csvm#00 I: 2 tests running: suite:5:star_rule1 test1, suite:4:regex test 5.
2016-12-04T05:27:10+00:00 csvm#02 I: Start test suite:5:star_rule1 test1.
2016-12-04T05:27:10+00:00 csvm#00 I: 2 tests running: suite:5:star_rule1 test1, suite:4:regex test 5.
2016-12-04T05:27:10+00:00 csvm#01 I: Test suite:4:regex test 5 is successful.
2016-12-04T05:27:10+00:00 csvm#00 I: 2 tests running: suite:5:star_rule1 test1, suite:4:regex test 5.
2016-12-04T05:27:10+00:00 csvm#02 I: Test suite:5:star_rule1 test1 is successful.
2016-12-04T05:27:10+00:00 csvm#00 I: 2 tests running: suite:5:star_rule1 test1, suite:4:regex test 5.
2016-12-04T05:27:10+00:00 csvm#02 I: End test suite:5:star_rule1 test1.
2016-12-04T05:27:10+00:00 csvm#00 I: 2 tests running: suite:5:star_rule1 test1, suite:4:regex test 5.
2016-12-04T05:27:10+00:00 csvm#00 I: 2 tests running: suite:6:star_rule2 test1, suite:4:regex test 5.
2016-12-04T05:27:10+00:00 csvm#01 I: End test suite:4:regex test 5.
2016-12-04T05:27:10+00:00 csvm#00 I: 2 tests running: suite:6:star_rule2 test1, suite:4:regex test 5.
2016-12-04T05:27:10+00:00 csvm#02 I: Start test suite:6:star_rule2 test1.
2016-12-04T05:27:10+00:00 csvm#00 I: 2 tests running: suite:6:star_rule2 test1, suite:4:regex test 5.
2016-12-04T05:27:10+00:00 csvm#00 I: Still 2 tests running : suite:7:star_rule3 test1, suite:6:star_rule2 test1.
2016-12-04T05:27:10+00:00 csvm#00 I: 2 tests running: suite:7:star_rule3 test1, suite:6:star_rule2 test1.
2016-12-04T05:27:10+00:00 csvm#01 I: Start test suite:7:star_rule3 test1.
2016-12-04T05:27:10+00:00 csvm#00 I: Still 2 tests running : suite:7:star_rule3 test1, suite:6:star_rule2 test1.
2016-12-04T05:27:10+00:00 csvm#00 I: 2 tests running: suite:7:star_rule3 test1, suite:6:star_rule2 test1.
2016-12-04T05:27:10+00:00 csvm#01 I: Test suite:7:star_rule3 test1 is successful.
2016-12-04T05:27:10+00:00 csvm#00 I: Still 2 tests running : suite:7:star_rule3 test1, suite:6:star_rule2 test1.
2016-12-04T05:27:10+00:00 csvm#00 I: 2 tests running: suite:7:star_rule3 test1, suite:6:star_rule2 test1.
2016-12-04T05:27:10+00:00 csvm#01 I: End test suite:7:star_rule3 test1.
2016-12-04T05:27:10+00:00 csvm#00 I: Still 2 tests running : suite:7:star_rule3 test1, suite:6:star_rule2 test1.
2016-12-04T05:27:10+00:00 csvm#00 I: 2 tests running: suite:7:star_rule3 test1, suite:6:star_rule2 test1.
2016-12-04T05:27:10+00:00 csvm#00 I: Still 1 tests running : suite:6:star_rule2 test1.
2016-12-04T05:27:10+00:00 csvm#00 I: 1 tests running: suite:6:star_rule2 test1.
2016-12-04T05:27:10+00:00 csvm#02 I: Test suite:6:star_rule2 test1 is successful.
2016-12-04T05:27:10+00:00 csvm#00 I: Still 1 tests running : suite:6:star_rule2 test1.
2016-12-04T05:27:10+00:00 csvm#00 I: 1 tests running: suite:6:star_rule2 test1.
2016-12-04T05:27:10+00:00 csvm#02 I: End test suite:6:star_rule2 test1.
2016-12-04T05:27:10+00:00 csvm#00 I: Still 1 tests running : suite:6:star_rule2 test1.
2016-12-04T05:27:10+00:00 csvm#00 I: 1 tests running: suite:6:star_rule2 test1.
2016-12-04T05:27:10+00:00 csvm#00 I: 0 tests running: .
2016-12-04T05:27:10+00:00 csvm#00 I: Worker csvm#02 has ended.
2016-12-04T05:27:10+00:00 csvm#00 I: 0 tests running: .
2016-12-04T05:27:10+00:00 csvm#00 I: Worker csvm#01 has ended.
2016-12-04T05:27:10+00:00 csvm#00 I: Used 2 worker during test execution.
2016-12-04T05:27:10+00:00 csvm#00 I: Run 5 tests with shard csvm#02.
2016-12-04T05:27:10+00:00 csvm#00 I: Run 3 tests with shard csvm#01.
2016-12-04T05:27:10+00:00 csvm#00 I: ==============
2016-12-04T05:27:10+00:00 csvm#00 I: Summary:
2016-12-04T05:27:10+00:00 csvm#00 I: Test suite:6:star_rule2 test1 is successful.
2016-12-04T05:27:10+00:00 csvm#00 I: Test suite:7:star_rule3 test1 is successful.
2016-12-04T05:27:10+00:00 csvm#00 I: Test suite:4:regex test 5 is successful.
2016-12-04T05:27:10+00:00 csvm#00 I: Test suite:5:star_rule1 test1 is successful.
2016-12-04T05:27:10+00:00 csvm#00 I: Test suite:3:regex test 4 is successful.
2016-12-04T05:27:10+00:00 csvm#00 I: Test suite:0:regex test 1 is successful.
2016-12-04T05:27:10+00:00 csvm#00 I: Test suite:2:regex test 3 is successful.
2016-12-04T05:27:10+00:00 csvm#00 I: Test suite:1:regex test 2 is successful.
2016-12-04T05:27:10+00:00 csvm#00 I: Ran: 8 tests in: 0.14 seconds.
2016-12-04T05:27:10+00:00 csvm#00 I: Cases: 8.
2016-12-04T05:27:10+00:00 csvm#00 I: Tried: 8.
2016-12-04T05:27:10+00:00 csvm#00 I: Errors: 0.
2016-12-04T05:27:10+00:00 csvm#00 I: Failures: 0.
2016-12-04T05:27:10+00:00 csvm#00 I: Skip: 0.
2016-12-04T05:27:10+00:00 csvm#00 I: Todo: 0.
2016-12-04T05:27:10+00:00 csvm#00 I: Timeout: 0.
